0 info it worked if it ends with ok
1 verbose cli [ 'D:\\Program Files\\nodejs\\node.exe',
1 verbose cli   'D:\\Program Files\\nodejs\\node_modules\\npm\\bin\\npm-cli.js',
1 verbose cli   'start' ]
2 info using npm@3.10.10
3 info using node@v6.11.0
4 verbose run-script [ 'prestart', 'start', 'poststart' ]
5 info lifecycle dragonfly@1.0.0~prestart: dragonfly@1.0.0
6 verbose lifecycle dragonfly@1.0.0~prestart: unsafe-perm in lifecycle true
7 verbose lifecycle dragonfly@1.0.0~prestart: PATH: D:\Program Files\nodejs\node_modules\npm\bin\node-gyp-bin;C:\Users\monik\Documents\Github\fictional-paradox\node_modules\.bin;C:\Program Files (x86)\NVIDIA Corporation\PhysX\Common;C:\WINDOWS\system32;C:\WINDOWS;C:\WINDOWS\System32\Wbem;C:\WINDOWS\System32\WindowsPowerShell\v1.0\;C:\Program Files (x86)\Skype\Phone\;D:\Program Files\Git\cmd;D:\Program Files\nodejs\;C:\WINDOWS\System32\OpenSSH\;C:\Users\monik\AppData\Local\Microsoft\WindowsApps;C:\Users\monik\AppData\Roaming\npm;C:\Program Files\Heroku\bin;
8 verbose lifecycle dragonfly@1.0.0~prestart: CWD: C:\Users\monik\Documents\Github\fictional-paradox
9 silly lifecycle dragonfly@1.0.0~prestart: Args: [ '/d /s /c', 'npm install' ]
10 silly lifecycle dragonfly@1.0.0~prestart: Returned: code: 0  signal: null
11 info lifecycle dragonfly@1.0.0~start: dragonfly@1.0.0
12 verbose lifecycle dragonfly@1.0.0~start: unsafe-perm in lifecycle true
13 verbose lifecycle dragonfly@1.0.0~start: PATH: D:\Program Files\nodejs\node_modules\npm\bin\node-gyp-bin;C:\Users\monik\Documents\Github\fictional-paradox\node_modules\.bin;C:\Program Files (x86)\NVIDIA Corporation\PhysX\Common;C:\WINDOWS\system32;C:\WINDOWS;C:\WINDOWS\System32\Wbem;C:\WINDOWS\System32\WindowsPowerShell\v1.0\;C:\Program Files (x86)\Skype\Phone\;D:\Program Files\Git\cmd;D:\Program Files\nodejs\;C:\WINDOWS\System32\OpenSSH\;C:\Users\monik\AppData\Local\Microsoft\WindowsApps;C:\Users\monik\AppData\Roaming\npm;C:\Program Files\Heroku\bin;
14 verbose lifecycle dragonfly@1.0.0~start: CWD: C:\Users\monik\Documents\Github\fictional-paradox
15 silly lifecycle dragonfly@1.0.0~start: Args: [ '/d /s /c',
15 silly lifecycle   'concurrently "node server.js" "npm run watch:sass"' ]
16 silly lifecycle dragonfly@1.0.0~start: Returned: code: 3221225786  signal: null
17 info lifecycle dragonfly@1.0.0~start: Failed to exec start script
18 verbose stack Error: dragonfly@1.0.0 start: `concurrently "node server.js" "npm run watch:sass"`
18 verbose stack Exit status 3221225786
18 verbose stack     at EventEmitter.<anonymous> (D:\Program Files\nodejs\node_modules\npm\lib\utils\lifecycle.js:255:16)
18 verbose stack     at emitTwo (events.js:106:13)
18 verbose stack     at EventEmitter.emit (events.js:191:7)
18 verbose stack     at ChildProcess.<anonymous> (D:\Program Files\nodejs\node_modules\npm\lib\utils\spawn.js:40:14)
18 verbose stack     at emitTwo (events.js:106:13)
18 verbose stack     at ChildProcess.emit (events.js:191:7)
18 verbose stack     at maybeClose (internal/child_process.js:891:16)
18 verbose stack     at Process.ChildProcess._handle.onexit (internal/child_process.js:226:5)
19 verbose pkgid dragonfly@1.0.0
20 verbose cwd C:\Users\monik\Documents\Github\fictional-paradox
21 error Windows_NT 10.0.17134
22 error argv "D:\\Program Files\\nodejs\\node.exe" "D:\\Program Files\\nodejs\\node_modules\\npm\\bin\\npm-cli.js" "start"
23 error node v6.11.0
24 error npm  v3.10.10
25 error code ELIFECYCLE
26 error dragonfly@1.0.0 start: `concurrently "node server.js" "npm run watch:sass"`
26 error Exit status 3221225786
27 error Failed at the dragonfly@1.0.0 start script 'concurrently "node server.js" "npm run watch:sass"'.
27 error Make sure you have the latest version of node.js and npm installed.
27 error If you do, this is most likely a problem with the dragonfly package,
27 error not with npm itself.
27 error Tell the author that this fails on your system:
27 error     concurrently "node server.js" "npm run watch:sass"
27 error You can get information on how to open an issue for this project with:
27 error     npm bugs dragonfly
27 error Or if that isn't available, you can get their info via:
27 error     npm owner ls dragonfly
27 error There is likely additional logging output above.
28 verbose exit [ 1, true ]
